2013-03-01 14:16:14 Debug: permission: actionUrl-organizations/add
2013-03-01 22:11:01 Debug: permission: actionUrl-user_groups/addGroup
2013-03-02 01:37:56 Debug: permission: actionUrl-organizations/index
2013-03-02 07:48:38 Debug: permission: actionUrl-offices/index
2013-03-02 08:26:57 Debug: permission: actionUrl-reports/index
2013-03-02 08:46:42 Debug: permission: actionUrl-organizations/index
2013-03-02 08:46:44 Debug: permission: actionUrl-offices/index
2013-03-03 02:15:34 Debug: permission: actionUrl-majoractivities/add
2013-03-03 02:16:27 Debug: permission: actionUrl-initiatives/index
2013-03-03 02:25:11 Debug: permission: actionUrl-majoractivities/index
2013-03-03 03:03:02 Debug: permission: actionUrl-majoractivities/index
2013-03-03 03:10:15 Debug: permission: actionUrl-majoractivities/index
2013-03-03 03:33:42 Debug: permission: actionUrl-majoractivities/accomplishment
2013-03-03 03:34:56 Debug: permission: actionUrl-majoractivities/accomplishment
2013-03-03 06:26:07 Debug: permission: actionUrl-majoractivities/accomplishment
2013-03-03 07:44:51 Debug: permission: actionUrl-majoractivities/add
2013-03-03 07:45:00 Debug: permission: actionUrl-news/index
2013-03-03 07:45:07 Debug: permission: actionUrl-news/index
2013-03-03 07:45:14 Debug: permission: actionUrl-news/index
2013-03-03 07:45:16 Debug: permission: actionUrl-news/index
2013-03-03 07:45:43 Debug: permission: actionUrl-news/index
2013-03-03 07:49:34 Debug: permission: actionUrl-news/index
2013-03-03 08:16:07 Debug: permission: actionUrl-majoractivities/index
2013-03-03 09:02:03 Debug: permission: actionUrl-majoractivities/index
2013-03-03 15:34:42 Debug: permission: actionUrl-news/index
2013-03-03 16:03:44 Debug: permission: actionUrl-users/dashboard
2013-03-03 16:05:56 Debug: permission: actionUrl-users/dashboard
2013-03-03 16:09:19 Debug: permission: actionUrl-subactivities/approve
2013-03-03 16:09:30 Debug: permission: actionUrl-subactivities/index
2013-03-03 17:43:32 Debug: permission: actionUrl-reports/index
2013-03-03 18:48:00 Debug: permission: actionUrl-offices/index
2013-03-03 19:35:14 Debug: permission: actionUrl-objectives/add
2013-03-04 01:40:59 Debug: permission: actionUrl-organizations/index
2013-03-04 01:41:08 Debug: permission: actionUrl-units/index
2013-03-04 01:41:44 Debug: Could not send forgot password email to userid-2
2013-03-05 00:58:43 Debug: permission: actionUrl-news/index
2013-03-05 01:10:39 Debug: permission: actionUrl-news/index
2013-03-05 01:13:54 Debug: permission: actionUrl-reports/index
2013-03-05 01:20:59 Debug: permission: actionUrl-news/index
2013-03-05 01:55:49 Debug: permission: actionUrl-users/addUser
2013-03-05 03:47:30 Debug: permission: actionUrl-organizations/index
2013-03-05 03:47:38 Debug: permission: actionUrl-offices/index
2013-03-05 03:47:42 Debug: permission: actionUrl-offices/index
2013-03-05 03:48:00 Debug: permission: actionUrl-users/index
2013-03-05 03:48:04 Debug: permission: actionUrl-perspectives/index
2013-03-05 03:48:08 Debug: permission: actionUrl-perspectives/index
2013-03-05 03:48:28 Debug: permission: actionUrl-majoractivities/index
2013-03-05 03:49:50 Debug: permission: actionUrl-organizations/index
2013-03-05 03:57:29 Debug: permission: actionUrl-news/index
2013-03-05 06:20:08 Debug: permission: actionUrl-perspectives/index
2013-03-05 06:34:59 Debug: permission: actionUrl-offices/index
2013-03-05 06:35:10 Debug: permission: actionUrl-offices/index
2013-03-05 06:35:35 Debug: permission: actionUrl-user_groups/addGroup
2013-03-05 06:35:47 Debug: permission: actionUrl-users/addUser
2013-03-05 06:36:31 Debug: permission: actionUrl-user_group_permissions/index
2013-03-05 06:38:28 Debug: permission: actionUrl-news/index
2013-03-05 06:38:31 Debug: permission: actionUrl-news/index
2013-03-05 06:38:40 Debug: permission: actionUrl-perspectives/index
2013-03-11 04:41:57 Debug: permission: actionUrl-perspectives/index
2013-03-12 07:42:06 Debug: permission: actionUrl-offices/index
2013-03-12 08:19:42 Debug: Could not send forgot password email to userid-2
2013-03-12 11:24:44 Debug: permission: actionUrl-news/index
2013-03-12 21:44:31 Debug: permission: actionUrl-news/index
2013-03-14 10:15:56 Debug: permission: actionUrl-measures/index
2013-03-16 04:43:45 Debug: permission: actionUrl-news/index
2013-03-18 05:20:15 Debug: permission: actionUrl-objectives/view
2013-03-19 09:52:51 Debug: permission: actionUrl-users/dashboard
2013-03-19 09:52:58 Debug: permission: actionUrl-organizations/index
2013-03-19 09:53:00 Debug: permission: actionUrl-organizations/index
2013-03-19 09:53:02 Debug: permission: actionUrl-offices/index
2013-03-19 09:53:03 Debug: permission: actionUrl-user_groups/addGroup
2013-03-19 09:53:04 Debug: permission: actionUrl-user_groups/index
2013-03-19 09:53:05 Debug: permission: actionUrl-users/index
2013-03-19 09:53:06 Debug: permission: actionUrl-perspectives/index
2013-03-19 09:53:12 Debug: permission: actionUrl-users/dashboard
2013-03-19 09:53:18 Debug: permission: actionUrl-news/index
2013-03-19 09:53:21 Debug: permission: actionUrl-news/index
2013-03-19 09:53:21 Debug: permission: actionUrl-news/index
2013-03-19 09:53:22 Debug: permission: actionUrl-news/index
2013-03-19 10:10:55 Debug: permission: actionUrl-users/dashboard
2013-03-19 10:10:58 Debug: permission: actionUrl-users/dashboard
2013-03-19 10:22:17 Debug: permission: actionUrl-organizations/index
2013-03-19 10:42:24 Debug: permission: actionUrl-themes/index
2013-03-19 10:42:27 Debug: permission: actionUrl-themes/index
2013-03-19 11:25:31 Debug: permission: actionUrl-organizations/index
2013-03-19 11:29:49 Debug: permission: actionUrl-organizations/index
2013-03-19 11:49:03 Debug: permission: actionUrl-themes/index
2013-03-19 11:50:08 Debug: permission: actionUrl-organizations/index
2013-03-20 03:39:29 Debug: permission: actionUrl-organizations/index
2013-03-22 14:59:34 Debug: permission: actionUrl-organizations/index
2013-03-22 21:22:10 Debug: permission: actionUrl-initiatives/add
2013-03-22 21:37:36 Debug: permission: actionUrl-themes/index
2013-03-24 14:50:08 Debug: permission: actionUrl-majoractivities/add
2013-03-24 21:03:56 Debug: permission: actionUrl-majoractivities/add
2013-03-25 03:56:03 Debug: permission: actionUrl-majoractivities/add
2013-03-25 19:56:48 Debug: permission: actionUrl-majoractivities/add
2013-03-26 00:47:39 Debug: permission: actionUrl-perspectives/index
2013-03-26 02:25:51 Debug: permission: actionUrl-majoractivities/add
2013-03-26 03:19:34 Debug: permission: actionUrl-objectives/exportxls
2013-03-26 04:23:48 Debug: permission: actionUrl-organizations/index
2013-03-26 16:09:39 Debug: permission: actionUrl-offices/index
2013-03-27 03:58:20 Debug: permission: actionUrl-targets/index
2013-03-27 04:13:58 Debug: permission: actionUrl-user_groups/addGroup
2013-03-27 04:13:59 Debug: permission: actionUrl-user_groups/index
2013-03-27 04:14:01 Debug: permission: actionUrl-users/addUser
2013-03-27 06:45:05 Debug: permission: actionUrl-majoractivities/index
2013-03-27 06:45:18 Debug: permission: actionUrl-majoractivities/index
2013-03-27 06:45:47 Debug: permission: actionUrl-majoractivities/index
2013-03-27 08:24:55 Debug: permission: actionUrl-targets/add
2013-03-27 15:35:58 Debug: permission: actionUrl-reports/index
2013-03-27 20:44:22 Debug: permission: actionUrl-reports/index
2013-03-28 00:14:21 Debug: permission: actionUrl-targets/index
2013-03-28 05:07:59 Debug: permission: actionUrl-targets/add
2013-03-28 07:40:58 Debug: permission: actionUrl-users/addUser
2013-03-28 07:44:12 Notice: Notice (8): Undefined variable: rows in [/home/ifrem/ckprojects/bscapp/app/View/Reports/index.ctp, line 21]
Trace:
include - APP/View/Reports/index.ctp, line 21
View::_evaluate() - CORE/Cake/View/View.php, line 923
View::_render() - CORE/Cake/View/View.php, line 886
View::render() - CORE/Cake/View/View.php, line 476
Controller::render() - CORE/Cake/Controller/Controller.php, line 956
Dispatcher::_invoke() - CORE/Cake/Routing/Dispatcher.php, line 193
Dispatcher::dispatch() - CORE/Cake/Routing/Dispatcher.php, line 161
[main] - APP/webroot/index.php, line 92

2013-04-08 09:00:44 Debug: permission: actionUrl-reports/index
2013-04-08 10:10:56 Debug: permission: actionUrl-reports/index
2013-04-08 19:29:03 Debug: permission: actionUrl-reports/index
2013-04-09 00:00:55 Debug: permission: actionUrl-reports/index
2013-04-09 03:42:46 Debug: permission: actionUrl-reports/report
2013-04-09 04:02:37 Debug: permission: actionUrl-reports/index
2013-04-09 08:21:56 Debug: permission: actionUrl-reports/index
2013-04-09 13:31:08 Debug: permission: actionUrl-reports/index
2013-04-09 14:37:31 Debug: permission: actionUrl-reports/index
2013-04-09 16:11:33 Debug: Could not send verification email to userid-6
2013-04-09 17:42:51 Debug: permission: actionUrl-users/index
2013-04-09 18:06:44 Debug: permission: actionUrl-users/dashboard
2013-04-09 18:06:56 Debug: permission: actionUrl-reports/index
2013-04-09 18:07:37 Debug: permission: actionUrl-user_group_permissions/index
2013-04-09 18:07:41 Debug: permission: actionUrl-user_group_permissions/index
2013-04-09 18:08:25 Debug: permission: actionUrl-users/dashboard
2013-04-09 18:09:29 Debug: permission: actionUrl-targets/index
2013-04-09 18:10:59 Debug: permission: actionUrl-users/dashboard
2013-04-09 23:11:57 Debug: permission: actionUrl-reports/index
2013-04-09 23:30:14 Debug: permission: actionUrl-users/dashboard
2013-04-09 23:30:51 Debug: permission: actionUrl-users/dashboard
2013-04-09 23:30:54 Debug: permission: actionUrl-users/dashboard
2013-04-09 23:30:58 Debug: permission: actionUrl-organizations/index
2013-04-09 23:30:59 Debug: permission: actionUrl-organizations/index
2013-04-09 23:42:12 Debug: permission: actionUrl-majoractivities/index
2013-04-09 23:43:07 Debug: permission: actionUrl-users/dashboard
2013-04-09 23:43:30 Debug: permission: actionUrl-subactivities/index
2013-04-09 23:43:32 Debug: permission: actionUrl-subactivities/approve
2013-04-10 00:23:53 Debug: permission: actionUrl-users/dashboard
2013-04-10 00:24:25 Debug: permission: actionUrl-offices/index
2013-04-10 00:25:21 Debug: permission: actionUrl-offices/index
2013-04-10 00:52:50 Debug: permission: actionUrl-users/dashboard
2013-04-10 00:57:10 Debug: permission: actionUrl-users/dashboard
2013-04-10 02:43:47 Debug: permission: actionUrl-users/dashboard
2013-04-10 02:44:13 Debug: permission: actionUrl-targets/index
2013-04-10 02:44:17 Debug: permission: actionUrl-majoractivities/index
2013-04-10 02:44:18 Debug: permission: actionUrl-subactivities/index
2013-04-10 02:44:34 Debug: permission: actionUrl-organizations/index
2013-04-10 02:44:36 Debug: permission: actionUrl-organizations/index
2013-04-10 02:47:05 Debug: permission: actionUrl-targets/index
2013-04-10 02:47:11 Debug: permission: actionUrl-majoractivities/index
2013-04-10 02:47:17 Debug: permission: actionUrl-subactivities/index
2013-04-10 02:47:21 Debug: permission: actionUrl-majoractivities/index
2013-04-10 02:50:10 Debug: permission: actionUrl-users/dashboard
2013-04-10 02:50:32 Debug: permission: actionUrl-reports/index
2013-04-10 02:52:48 Debug: permission: actionUrl-reports/index
2013-04-10 02:55:59 Debug: permission: actionUrl-users/addUser
2013-04-10 02:56:44 Debug: permission: actionUrl-reports/index
2013-04-10 02:56:48 Debug: permission: actionUrl-reports/index
2013-04-10 03:00:40 Debug: permission: actionUrl-organizations/edit
2013-04-10 05:52:19 Debug: permission: actionUrl-reports/index
2013-04-10 05:52:34 Debug: permission: actionUrl-organizations/index
2013-04-10 05:52:36 Debug: permission: actionUrl-organizations/index
2013-04-10 05:52:36 Debug: permission: actionUrl-organizations/index
2013-04-10 05:52:37 Debug: permission: actionUrl-organizations/index
2013-04-10 05:52:38 Debug: permission: actionUrl-organizations/index
2013-04-10 05:52:39 Debug: permission: actionUrl-organizations/index
2013-04-10 05:52:40 Debug: permission: actionUrl-organizations/index
2013-04-10 05:52:42 Debug: permission: actionUrl-organizations/index
2013-04-10 05:52:44 Debug: permission: actionUrl-organizations/index
2013-04-10 05:52:52 Debug: permission: actionUrl-organizations/index
2013-04-10 07:11:25 Debug: permission: actionUrl-reports/index
2013-04-10 07:11:31 Debug: permission: actionUrl-organizations/index
2013-04-10 07:16:28 Debug: permission: actionUrl-evaluationtypes/index
2013-04-10 07:40:32 Debug: permission: actionUrl-reports/index
2013-04-10 07:42:43 Debug: permission: actionUrl-behaviorevaluations/index
2013-04-10 12:53:02 Debug: permission: actionUrl-targets/add
2013-04-10 12:53:11 Debug: Could not send forgot password email to userid-5
2013-04-10 12:55:11 Debug: Could not send forgot password email to userid-6
2013-04-10 12:58:09 Debug: Could not send forgot password email to userid-6
2013-04-10 18:59:04 Debug: permission: actionUrl-reports/index
2013-04-11 00:06:41 Debug: permission: actionUrl-reports/index
2013-04-11 02:20:33 Debug: permission: actionUrl-reports/index
2013-04-11 05:08:49 Debug: permission: actionUrl-measures/index
2013-04-11 06:32:00 Debug: permission: actionUrl-reports/index
2013-04-11 07:35:54 Debug: permission: actionUrl-reports/index
2013-04-11 12:12:16 Debug: permission: actionUrl-reports/index
2013-04-11 12:15:23 Debug: permission: actionUrl-users/index
2013-04-11 12:15:45 Debug: permission: actionUrl-users/dashboard
2013-04-11 12:19:31 Debug: permission: actionUrl-behaviorevaluations/index
2013-04-11 12:25:58 Debug: permission: actionUrl-users/dashboard
2013-04-11 12:25:59 Debug: permission: actionUrl-users/dashboard
2013-04-11 12:26:01 Debug: permission: actionUrl-users/dashboard
2013-04-11 12:26:02 Debug: permission: actionUrl-users/dashboard
2013-04-11 12:29:37 Debug: permission: actionUrl-behaviorevaluations/index
2013-04-11 12:29:39 Debug: permission: actionUrl-users/dashboard
2013-04-11 12:29:41 Debug: permission: actionUrl-users/dashboard
2013-04-11 12:29:42 Debug: permission: actionUrl-users/dashboard
2013-04-11 12:29:43 Debug: permission: actionUrl-users/dashboard
2013-04-11 12:29:44 Debug: permission: actionUrl-users/dashboard
2013-04-11 12:32:11 Debug: permission: actionUrl-reports/index
2013-04-11 12:32:25 Debug: permission: actionUrl-reports/index
2013-04-11 12:32:30 Debug: permission: actionUrl-reports/index
2013-04-11 12:33:30 Debug: permission: actionUrl-reports/index
2013-04-11 12:36:20 Debug: permission: actionUrl-behaviorevaluations/index
2013-04-11 12:36:25 Debug: permission: actionUrl-reports/index
2013-04-11 12:36:26 Debug: permission: actionUrl-reports/index
2013-04-11 12:46:14 Debug: permission: actionUrl-reports/index
2013-04-11 12:46:16 Debug: permission: actionUrl-reports/index
2013-04-11 22:02:22 Debug: permission: actionUrl-reports/index
2013-04-12 00:39:11 Debug: permission: actionUrl-users/dashboard
2013-04-12 00:39:24 Debug: permission: actionUrl-organizations/edit
2013-04-12 00:39:35 Debug: permission: actionUrl-organizations/edit
2013-04-12 00:47:22 Debug: permission: actionUrl-reports/index
2013-04-13 00:28:33 Debug: permission: actionUrl-reports/index
2013-04-13 11:30:09 Debug: permission: actionUrl-organizations/index
2013-04-13 11:30:53 Debug: permission: actionUrl-users/dashboard
2013-04-13 11:41:01 Debug: permission: actionUrl-users/dashboard
2013-04-13 11:41:16 Debug: permission: actionUrl-behaviorevaluations/index
2013-04-13 11:41:37 Debug: permission: actionUrl-organizations/index
2013-04-13 11:41:55 Debug: permission: actionUrl-behaviorevaluations/index
2013-04-13 11:42:00 Debug: permission: actionUrl-reports/index
2013-04-13 11:42:01 Debug: permission: actionUrl-reports/index
2013-04-13 23:59:24 Debug: permission: actionUrl-organizations/index
2013-04-15 03:00:25 Debug: permission: actionUrl-reports/index
2013-04-15 04:03:29 Debug: permission: actionUrl-measures/index
2013-04-15 07:18:14 Debug: permission: actionUrl-reports/index
2013-04-15 10:15:16 Debug: permission: actionUrl-reports/index
2013-04-15 12:33:58 Debug: permission: actionUrl-reports/index
2013-04-15 12:35:08 Debug: Could not send forgot password email to userid-5
2013-04-15 16:45:57 Debug: permission: actionUrl-reports/index
2013-04-16 02:38:59 Debug: permission: actionUrl-organizations/index
2013-04-16 08:37:18 Debug: permission: actionUrl-organizations/index
2013-04-16 12:23:36 Debug: permission: actionUrl-objectives/view
2013-04-16 12:23:37 Debug: permission: actionUrl-objectives/view
2013-04-16 12:23:44 Debug: permission: actionUrl-organizations/index
2013-04-16 13:37:08 Debug: permission: actionUrl-organizations/index
2013-04-16 13:38:07 Debug: permission: actionUrl-organizations/index
2013-04-16 13:38:27 Debug: permission: actionUrl-organizations/index
2013-04-17 05:04:16 Debug: permission: actionUrl-organizations/index
2013-04-17 10:41:26 Debug: permission: actionUrl-activitievaluations/show
2013-04-18 09:32:23 Debug: permission: actionUrl-activitievaluations/add
2013-04-18 11:45:43 Debug: permission: actionUrl-activitievaluations/show
2013-04-18 12:40:09 Debug: permission: actionUrl-activitievaluations/add
2013-04-18 12:40:16 Debug: permission: actionUrl-organizations/index
2013-04-18 12:43:19 Debug: Could not send verification email to userid-7
2013-04-18 12:44:04 Debug: Could not send verification email to userid-7
2013-04-18 18:03:07 Debug: permission: actionUrl-activitievaluations/add
2013-04-18 23:14:28 Debug: permission: actionUrl-majoractivities/add
2013-04-19 07:52:17 Debug: permission: actionUrl-organizations/index
2013-04-19 07:52:39 Debug: permission: actionUrl-organizations/edit
2013-04-19 07:52:45 Debug: permission: actionUrl-organizations/edit
2013-04-19 07:53:13 Debug: permission: actionUrl-reports/index
2013-04-19 07:53:16 Debug: permission: actionUrl-reports/index
2013-04-19 07:53:22 Debug: permission: actionUrl-behaviorevaluations/index
2013-04-19 07:53:23 Debug: permission: actionUrl-behaviorevaluations/index
2013-04-19 07:54:21 Debug: permission: actionUrl-measures/view
2013-04-19 07:54:52 Debug: permission: actionUrl-reports/index
2013-04-20 21:52:11 Debug: permission: actionUrl-organizations/index
2013-04-21 01:05:33 Debug: permission: actionUrl-objectives/index
2013-04-21 03:40:46 Debug: permission: actionUrl-organizations/index
2013-04-21 07:47:51 Debug: permission: actionUrl-measures/index
2013-04-22 06:35:59 Debug: permission: actionUrl-offices/cascadeObjective
2013-04-27 03:19:01 Debug: permission: actionUrl-organizations/index
2013-04-27 06:39:34 Debug: permission: actionUrl-organizations/index
2013-04-27 11:25:09 Debug: permission: actionUrl-organizations/index
2013-04-27 19:15:01 Debug: permission: actionUrl-targets/add
2013-04-27 20:00:38 Debug: permission: actionUrl-measures/index
2013-04-28 08:56:27 Debug: permission: actionUrl-organizations/index
2013-04-28 11:58:57 Debug: permission: actionUrl-organizations/index
2013-04-28 12:39:34 Debug: permission: actionUrl-behaviorevaluationcriterias/index
2013-04-28 12:56:42 Debug: permission: actionUrl-activityevaluationvalues/self
2013-04-28 13:52:29 Debug: permission: actionUrl-activityevaluationvalues/self
2013-04-29 04:08:17 Debug: permission: actionUrl-organizations/index
2013-04-29 07:09:55 Debug: permission: actionUrl-behaveiorevaluations/add
2013-04-29 08:08:29 Debug: permission: actionUrl-users/addUser
2013-04-29 08:09:00 Debug: permission: actionUrl-activities/add
2013-04-29 08:09:06 Debug: permission: actionUrl-user_group_permissions/index
2013-04-29 08:09:15 Debug: permission: actionUrl-user_group_permissions/index
2013-04-30 02:02:32 Debug: permission: actionUrl-organizations/index
2013-04-30 03:16:21 Debug: permission: actionUrl-behaveiorevaluations/index
2013-04-30 04:45:09 Debug: permission: actionUrl-initiatives/index
2013-04-30 05:01:44 Debug: permission: actionUrl-thresholds/index
2013-04-30 12:39:42 Debug: permission: actionUrl-activities/add
2013-04-30 20:28:41 Debug: permission: actionUrl-activityevaluationvalues/student
2013-05-01 05:18:41 Debug: permission: actionUrl-activityevaluationvalues/self
2013-05-01 09:58:08 Debug: permission: actionUrl-thresholds/index
2013-05-01 11:16:56 Debug: permission: actionUrl-behaveiorevaluations/show
2013-05-01 14:07:05 Debug: permission: actionUrl-frequencies/view
2013-05-02 15:22:27 Debug: permission: actionUrl-activities/add
2013-05-04 04:39:07 Debug: permission: actionUrl-organizations/index
2013-05-04 04:55:41 Debug: permission: actionUrl-activities/add
2013-05-04 13:37:24 Debug: permission: actionUrl-frequencies/view
2013-05-07 11:54:35 Debug: permission: actionUrl-organizations/index
2013-05-08 12:54:45 Debug: permission: actionUrl-organizations/index
2013-05-08 14:23:02 Debug: permission: actionUrl-behaveiorevaluations/add
2013-05-10 13:39:26 Debug: permission: actionUrl-organizations/index
2013-05-10 16:27:24 Debug: permission: actionUrl-thresholds/index
2013-05-10 19:16:03 Debug: permission: actionUrl-thresholds/add
2013-05-11 00:50:15 Debug: permission: actionUrl-activities/add
2013-05-11 03:12:58 Debug: permission: actionUrl-activities/add
2013-05-13 12:29:26 Debug: permission: actionUrl-organizations/index
2013-05-13 13:39:54 Debug: permission: actionUrl-organizations/index
2013-05-13 13:40:11 Debug: permission: actionUrl-organizations/index
2013-05-19 22:26:56 Debug: permission: actionUrl-organizations/index
2013-05-20 00:18:19 Debug: permission: actionUrl-reports/index
2013-05-20 01:58:46 Debug: permission: actionUrl-activities/add
2013-05-20 07:57:27 Debug: permission: actionUrl-targets/add
2013-05-20 13:06:23 Debug: permission: actionUrl-organizations/index
2013-05-20 15:55:06 Debug: permission: actionUrl-activityevaluationvalues/index
2013-05-21 00:22:50 Debug: permission: actionUrl-behaveiorevaluations/add
2013-05-21 02:29:05 Debug: permission: actionUrl-organizations/index
2013-05-21 05:17:17 Debug: permission: actionUrl-organizations/index
2013-05-21 05:21:55 Debug: permission: actionUrl-users/dashboard
2013-05-21 05:22:15 Debug: permission: actionUrl-offices/cascadeObjective
2013-05-21 05:22:22 Debug: permission: actionUrl-subactivities/approve
2013-05-21 05:22:30 Debug: permission: actionUrl-offices/cascadeObjective
2013-05-21 05:25:10 Debug: permission: actionUrl-users/dashboard
2013-05-21 05:25:15 Debug: permission: actionUrl-users/myprofile
2013-05-21 05:25:17 Debug: permission: actionUrl-users/editUser
2013-05-21 05:25:19 Debug: permission: actionUrl-users/changePassword
2013-05-21 05:25:21 Debug: permission: actionUrl-users/myprofile
2013-05-21 05:26:37 Debug: permission: actionUrl-offices/cascadeObjective
2013-05-21 05:26:40 Debug: permission: actionUrl-themes/show
2013-05-21 05:26:41 Debug: permission: actionUrl-perspectives/show
2013-05-21 05:26:43 Debug: permission: actionUrl-objectives/show
2013-05-21 05:26:44 Debug: permission: actionUrl-measures/show
2013-05-21 05:26:45 Debug: permission: actionUrl-initiatives/show
2013-05-21 07:24:32 Debug: permission: actionUrl-organizations/index
2013-05-21 07:25:42 Debug: permission: actionUrl-perspectives/view
2013-05-21 07:26:09 Debug: permission: actionUrl-activityevaluationvalues/index
2013-05-21 07:26:11 Debug: permission: actionUrl-activityevaluationvalues/index
2013-05-21 07:26:14 Debug: permission: actionUrl-offices/cascadeObjective
2013-05-21 07:26:19 Debug: permission: actionUrl-subactivities/approve
2013-05-21 07:27:33 Debug: permission: actionUrl-users/dashboard
2013-05-21 07:28:54 Debug: permission: actionUrl-behaveiorevaluations/add
2013-05-21 07:28:56 Debug: permission: actionUrl-activityevaluationvalues/index
2013-05-21 07:29:00 Debug: permission: actionUrl-offices/cascadeObjective
2013-05-21 07:29:14 Debug: permission: actionUrl-subs/approve
2013-05-21 07:29:16 Debug: permission: actionUrl-subs/approve
2013-05-21 07:29:25 Debug: permission: actionUrl-users/getByOfficer
2013-05-21 07:29:32 Debug: permission: actionUrl-users/getByOfficer
2013-05-21 07:29:34 Debug: permission: actionUrl-users/getByOfficer
2013-05-21 07:37:59 Debug: permission: actionUrl-users/myprofile
2013-05-21 07:38:04 Debug: permission: actionUrl-users/editUser
2013-05-21 07:38:06 Debug: permission: actionUrl-users/myprofile
2013-05-21 07:38:09 Debug: permission: actionUrl-users/changePassword
2013-05-21 07:38:11 Debug: permission: actionUrl-users/myprofile
2013-05-21 07:38:14 Debug: permission: actionUrl-users/changePassword
2013-05-21 07:39:07 Debug: permission: actionUrl-organizations/index
2013-05-21 09:05:30 Debug: permission: actionUrl-offices/cascadeObjective
2013-05-21 09:31:27 Debug: permission: actionUrl-activityevaluationvalues/index
2013-05-21 09:32:06 Debug: permission: actionUrl-activityevaluationvalues/index
2013-05-21 09:32:18 Debug: permission: actionUrl-behaveiorevaluations/head
2013-05-21 09:32:31 Debug: permission: actionUrl-behaveiorevaluations/head
2013-05-21 09:32:48 Debug: permission: actionUrl-activityevaluationvalues/index
2013-05-21 09:33:17 Debug: permission: actionUrl-user_group_permissions/index
2013-05-21 09:34:33 Debug: permission: actionUrl-activityevaluationvalues/index
2013-05-21 09:34:35 Debug: permission: actionUrl-activityevaluationvalues/index
2013-05-21 09:34:36 Debug: permission: actionUrl-activityevaluationvalues/index
2013-05-21 09:34:36 Debug: permission: actionUrl-activityevaluationvalues/index
2013-05-21 09:36:43 Debug: permission: actionUrl-activityevaluationvalues/index
2013-05-21 09:36:45 Debug: permission: actionUrl-activityevaluationvalues/index
2013-05-21 09:36:47 Debug: permission: actionUrl-activityevaluationvalues/index
2013-05-21 09:36:51 Debug: permission: actionUrl-activityevaluationvalues/index
2013-05-21 09:36:57 Debug: permission: actionUrl-activityevaluationvalues/index
2013-05-21 09:37:32 Debug: permission: actionUrl-activityevaluationvalues/index
2013-05-21 09:37:33 Debug: permission: actionUrl-activityevaluationvalues/index
2013-05-21 09:37:36 Debug: permission: actionUrl-activityevaluationvalues/index
2013-05-21 09:37:37 Debug: permission: actionUrl-activityevaluationvalues/index
2013-05-21 09:37:38 Debug: permission: actionUrl-activityevaluationvalues/index
2013-05-21 09:38:24 Debug: permission: actionUrl-activityevaluationvalues/pear
2013-05-21 09:38:26 Debug: permission: actionUrl-activityevaluationvalues/head
2013-05-21 12:43:56 Debug: permission: actionUrl-activities/add
2013-05-21 12:43:56 Debug: permission: actionUrl-activities/add
2013-05-21 12:44:26 Debug: permission: actionUrl-activities/add
2013-05-21 12:45:31 Debug: permission: actionUrl-offices/cascadeObjective
2013-05-21 12:45:37 Debug: permission: actionUrl-offices/cascadeObjective
2013-05-21 12:45:56 Debug: permission: actionUrl-subs/approve
2013-05-21 12:46:04 Debug: permission: actionUrl-users/getByOfficer
2013-05-21 12:47:57 Debug: permission: actionUrl-organizations/index
2013-05-21 12:48:50 Debug: permission: actionUrl-organizations/index
2013-05-21 16:07:27 Debug: permission: actionUrl-users/index
2013-05-23 02:53:40 Debug: permission: actionUrl-organizations/index
2013-05-23 02:54:20 Debug: permission: actionUrl-organizations/index
2013-05-23 02:54:59 Debug: permission: actionUrl-offices/cascadeObjective
2013-05-23 02:56:23 Debug: permission: actionUrl-offices/cascadeObjective
2013-05-23 02:56:37 Debug: permission: actionUrl-subs/approve
2013-05-23 02:57:02 Debug: permission: actionUrl-users/getByOfficer
2013-05-23 02:57:06 Debug: permission: actionUrl-users/getByOfficer
2013-05-23 02:57:09 Debug: permission: actionUrl-users/getByOfficer
2013-05-23 02:58:49 Debug: permission: actionUrl-subs/approve
2013-05-23 02:59:11 Debug: permission: actionUrl-offices/cascadeObjective
2013-05-23 03:00:07 Debug: permission: actionUrl-subs/approve
2013-05-23 03:38:41 Debug: permission: actionUrl-subs/approve
2013-05-23 03:40:08 Debug: permission: actionUrl-users/dashboard
2013-05-23 03:43:48 Debug: permission: actionUrl-majoractivities/add
2013-05-23 03:44:20 Debug: permission: actionUrl-frequencies/view
2013-05-23 03:44:23 Debug: permission: actionUrl-frequencies/view
2013-05-23 03:45:34 Debug: permission: actionUrl-activityevaluationvalues/head
2013-05-23 03:45:36 Debug: permission: actionUrl-activityevaluationvalues/pear
2013-05-23 03:45:49 Debug: permission: actionUrl-behaveiorevaluations/head
2013-05-23 03:51:21 Debug: permission: actionUrl-subs/approve
2013-05-23 03:54:30 Debug: permission: actionUrl-users/myprofile
2013-05-23 03:54:35 Debug: permission: actionUrl-users/editUser
2013-05-23 03:54:37 Debug: permission: actionUrl-users/changePassword
2013-05-23 03:57:12 Debug: permission: actionUrl-users/addUser
2013-05-23 03:58:33 Debug: permission: actionUrl-users/dashboard
2013-05-23 05:11:11 Debug: permission: actionUrl-users/dashboard
2013-05-23 05:11:52 Debug: permission: actionUrl-organizations/index
2013-05-23 05:18:47 Debug: permission: actionUrl-users/myprofile
2013-05-23 05:25:15 Debug: permission: actionUrl-users/dashboard
2013-05-23 06:21:38 Debug: permission: actionUrl-organizations/index
2013-05-23 06:26:57 Debug: permission: actionUrl-organizations/index
2013-05-23 10:58:08 Debug: permission: actionUrl-organizations/index
2013-05-23 10:58:11 Debug: permission: actionUrl-organizations/index
2013-05-23 11:03:25 Debug: permission: actionUrl-measures/getByObjective
2013-05-23 11:03:28 Debug: permission: actionUrl-measures/getByObjective
2013-05-23 11:03:29 Debug: permission: actionUrl-measures/getByObjective
2013-05-23 11:03:32 Debug: permission: actionUrl-measures/getByObjective
2013-05-23 11:03:33 Debug: permission: actionUrl-measures/getByObjective
2013-05-23 11:03:35 Debug: permission: actionUrl-measures/getByObjective
2013-05-23 11:03:37 Debug: permission: actionUrl-measures/getByObjective
2013-05-23 11:03:50 Debug: permission: actionUrl-measures/getByObjective
2013-05-23 11:03:51 Debug: permission: actionUrl-measures/getByObjective
2013-05-23 11:03:52 Debug: permission: actionUrl-measures/getByObjective
2013-05-23 11:04:20 Debug: permission: actionUrl-measures/getByObjective
2013-05-23 11:04:46 Debug: permission: actionUrl-measures/getByObjective
2013-05-23 11:05:05 Debug: permission: actionUrl-measures/getByObjective
2013-05-23 11:07:37 Debug: permission: actionUrl-organizations/index
2013-05-23 11:08:12 Debug: permission: actionUrl-measures/getByObjective
2013-05-23 11:08:15 Debug: permission: actionUrl-measures/getByObjective
2013-05-23 11:09:50 Debug: permission: actionUrl-objectives/getByPerspective
2013-05-23 11:11:14 Debug: permission: actionUrl-measures/getByObjectivea
2013-05-23 11:11:59 Debug: permission: actionUrl-measures/getByObjective
2013-05-23 11:12:02 Debug: permission: actionUrl-measures/getByObjective
2013-05-23 11:31:58 Debug: permission: actionUrl-offices/view
2013-05-23 12:46:36 Debug: permission: actionUrl-activitievaluations/add
2013-05-23 13:12:06 Debug: permission: actionUrl-users/index
2013-06-03 02:32:40 Debug: permission: actionUrl-organizations/index
2013-06-03 04:17:26 Debug: permission: actionUrl-activities/add
2013-06-03 09:55:55 Debug: permission: actionUrl-organizations/index
2013-06-05 06:55:35 Debug: permission: actionUrl-organizations/index
2013-06-05 06:58:16 Debug: permission: actionUrl-users/dashboard
2013-06-05 06:58:58 Debug: permission: actionUrl-organizations/edit
2013-06-06 01:47:55 Debug: permission: actionUrl-users/dashboard
2013-06-06 01:56:52 Debug: permission: actionUrl-users/dashboard
2013-06-09 03:16:36 Debug: permission: actionUrl-activities/add
2013-06-09 15:04:16 Debug: permission: actionUrl-frequencies/index
2013-06-10 09:15:38 Debug: permission: actionUrl-activities/add
2013-06-10 11:22:34 Debug: permission: actionUrl-periods/getFromTargetByYearAndByOfficeId
2013-06-10 11:22:37 Debug: permission: actionUrl-units/index
2013-06-10 14:59:43 Debug: permission: actionUrl-organizations/index
2013-06-10 15:49:17 Debug: permission: actionUrl-reports/measurof
2013-06-11 09:22:03 Debug: permission: actionUrl-organizations/index
2013-06-11 12:25:01 Debug: permission: actionUrl-organizations/index
2013-06-11 15:42:30 Debug: permission: actionUrl-organizations/index
2013-06-11 17:07:00 Debug: permission: actionUrl-thresholds/view
2013-06-13 05:04:11 Debug: permission: actionUrl-organizations/index
2013-06-13 10:52:53 Debug: permission: actionUrl-organizations/index
2013-06-13 13:53:42 Debug: permission: actionUrl-organizations/index
2013-06-13 23:05:41 Debug: permission: actionUrl-perspectives/createg
2013-06-14 11:14:55 Debug: permission: actionUrl-organizations/index
2013-06-14 15:17:17 Debug: permission: actionUrl-multi_series_demo/bar2d
2013-06-14 15:17:22 Debug: permission: actionUrl-multi_series_demo/line2d
2013-06-15 04:22:24 Debug: permission: actionUrl-organizations/index
2013-06-15 06:51:28 Debug: permission: actionUrl-perspectives/index
2013-06-15 12:31:50 Debug: permission: actionUrl-perspectives/index
2013-06-15 21:25:20 Debug: permission: actionUrl-perspectives/pie3d
2013-06-16 02:15:55 Debug: permission: actionUrl-organizations/index
2013-06-17 07:25:27 Debug: permission: actionUrl-organizations/index
2013-06-17 07:34:12 Debug: permission: actionUrl-organizations/index
2013-06-17 11:15:59 Debug: permission: actionUrl-user_groups/index
2013-06-17 11:16:17 Debug: permission: actionUrl-activityevaluationvalues/index
2013-06-18 02:21:14 Debug: permission: actionUrl-measures/index
2013-06-18 03:33:51 Debug: permission: actionUrl-organizations/index
2013-06-18 05:15:47 Debug: permission: actionUrl-organizations/index
2013-06-18 05:15:53 Debug: permission: actionUrl-organizations/index
2013-06-18 05:44:36 Debug: permission: actionUrl-organizations/index
2013-06-18 09:51:29 Debug: permission: actionUrl-users/index
2013-06-18 10:15:28 Debug: permission: actionUrl-perspectives/index
2013-06-18 11:21:27 Debug: permission: actionUrl-themes/index
2013-06-19 03:16:49 Debug: permission: actionUrl-organizations/index
2013-06-19 03:17:28 Debug: permission: actionUrl-organizations/index
2013-06-19 07:46:50 Debug: permission: actionUrl-organizations/index
2013-06-19 07:47:04 Debug: permission: actionUrl-organizations/index
2013-06-19 07:47:04 Debug: permission: actionUrl-organizations/index
2013-06-19 08:33:53 Debug: permission: actionUrl-organizations/index
2013-06-19 08:35:39 Debug: permission: actionUrl-organizations/index
2013-06-19 10:33:50 Debug: permission: actionUrl-organizations/index
2013-06-20 02:20:20 Debug: permission: actionUrl-organizations/index
2013-06-20 02:25:09 Debug: Could not send verification email to userid-9
2013-06-20 02:26:08 Debug: permission: actionUrl-users/dashboard
2013-06-20 02:26:11 Debug: permission: actionUrl-organizations/index
2013-06-20 02:26:13 Debug: permission: actionUrl-organizations/index
2013-06-20 02:26:14 Debug: permission: actionUrl-organizations/index
2013-06-20 04:50:17 Debug: permission: actionUrl-perspectives/index
2013-06-20 05:06:42 Debug: permission: actionUrl-organizations/index
2013-06-20 07:11:23 Debug: permission: actionUrl-perspectives/index
2013-06-20 10:42:00 Debug: permission: actionUrl-themes/index
2013-06-20 11:29:29 Debug: permission: actionUrl-organizations/index
2013-06-21 02:30:20 Debug: permission: actionUrl-perspectives/pie3d
2013-06-21 02:47:02 Debug: permission: actionUrl-organizations/index
2013-06-21 13:07:59 Debug: permission: actionUrl-organizations/index
2013-06-23 03:45:35 Debug: permission: actionUrl-organizations/index
2013-06-23 03:53:23 Debug: Could not send verification email to userid-10
2013-06-23 07:34:57 Debug: permission: actionUrl-organizations/index
2013-06-23 08:35:22 Debug: Could not send verification email to userid-9
2013-06-23 08:36:23 Debug: permission: actionUrl-organizations/index
2013-06-23 08:37:29 Debug: permission: actionUrl-users/dashboard
2013-06-23 08:38:23 Debug: permission: actionUrl-users/getByOfficer
2013-06-23 08:38:29 Debug: permission: actionUrl-users/getByOfficer
2013-06-23 08:38:32 Debug: permission: actionUrl-users/getByOfficer
2013-06-23 08:38:56 Debug: permission: actionUrl-users/myprofile
2013-06-23 08:39:04 Debug: permission: actionUrl-organizations/edit
2013-06-23 08:39:45 Debug: permission: actionUrl-subs/approve
2013-06-23 08:39:57 Debug: permission: actionUrl-activityevaluationvalues/pear
2013-06-23 08:40:06 Debug: permission: actionUrl-activityevaluationvalues/head
2013-06-23 08:41:23 Debug: permission: actionUrl-measures/index
2013-06-23 19:58:03 Debug: permission: actionUrl-organizations/index
2013-06-23 19:59:06 Debug: permission: actionUrl-organizations/index
2013-06-28 05:23:34 Debug: permission: actionUrl-users/dashboard
2013-06-28 05:23:52 Debug: permission: actionUrl-organizations/edit
2013-06-28 05:24:16 Debug: permission: actionUrl-activityevaluationvalues/pear
2013-06-28 05:24:22 Debug: permission: actionUrl-activityevaluationvalues/head
2013-06-28 07:20:16 Debug: permission: actionUrl-activityevaluationvalues/index
2013-07-01 13:48:24 Debug: permission: actionUrl-organizations/index
2013-07-18 13:15:09 Debug: permission: actionUrl-organizations/index
2013-07-19 06:25:51 Debug: permission: actionUrl-organizations/index
2013-07-19 13:38:15 Debug: permission: actionUrl-users/dashboard
2013-07-19 13:40:28 Debug: permission: actionUrl-organizations/index
2013-07-19 13:40:31 Debug: permission: actionUrl-organizations/index
2013-07-20 07:43:59 Debug: permission: actionUrl-organizations/index
2013-07-20 08:16:50 Debug: permission: actionUrl-activityevaluationvalues/pear
2013-07-20 19:38:15 Debug: permission: actionUrl-behaveiorevaluations/pear
2013-07-20 23:09:59 Debug: permission: actionUrl-activityevaluationvalues/self
2013-07-21 01:13:58 Debug: permission: actionUrl-organizations/index
2013-07-22 14:44:59 Debug: permission: actionUrl-organizations/index
2013-07-22 14:50:46 Debug: permission: actionUrl-organizations/index
2013-07-26 06:47:49 Debug: permission: actionUrl-organizations/index
2013-07-26 06:48:46 Debug: permission: actionUrl-users/dashboard
2013-07-26 07:04:09 Debug: permission: actionUrl-organizations/index
2013-07-26 08:26:57 Debug: permission: actionUrl-users/dashboard
2013-07-26 08:28:37 Debug: permission: actionUrl-users/dashboard
2013-07-27 21:11:47 Debug: permission: actionUrl-organizations/index
2013-09-05 10:07:10 Debug: permission: actionUrl-organizations/index
2013-09-05 10:21:39 Debug: permission: actionUrl-organizations/index
2013-09-05 11:17:29 Debug: permission: actionUrl-organizations/index
2013-09-05 11:18:37 Debug: permission: actionUrl-organizations/index
2013-09-05 11:18:52 Debug: permission: actionUrl-organizations/index
2013-09-05 11:19:04 Debug: permission: actionUrl-perspectives/index
2013-09-05 11:19:22 Debug: permission: actionUrl-objectives/index
2013-09-05 11:19:34 Debug: permission: actionUrl-organizations/index
2013-09-05 14:39:02 Debug: permission: actionUrl-organizations/index
2013-09-05 14:46:33 Debug: permission: actionUrl-organizations/index
2013-09-05 15:25:33 Debug: permission: actionUrl-organizations/index
2013-09-05 15:25:46 Debug: permission: actionUrl-objectives/index
2013-09-07 03:12:22 Debug: permission: actionUrl-organizations/index
2013-09-07 03:52:32 Debug: permission: actionUrl-organizations/index
2013-09-07 03:55:48 Debug: permission: actionUrl-organizations/index
2013-09-07 05:32:57 Debug: permission: actionUrl-organizations/index
2013-09-07 05:43:47 Debug: permission: actionUrl-organizations/index
2013-09-07 06:21:05 Debug: permission: actionUrl-users/dashboard
2013-09-07 08:21:05 Debug: permission: actionUrl-offices/view
2013-09-07 08:21:18 Debug: permission: actionUrl-offices/view
2013-09-07 08:22:01 Debug: permission: actionUrl-activityevaluationvalues/approve
2013-09-07 08:23:15 Debug: permission: actionUrl-measures/index
2013-09-07 08:24:34 Debug: permission: actionUrl-offices/view
2013-09-07 08:24:54 Debug: permission: actionUrl-users/dashboard
2013-09-08 07:27:53 Debug: permission: actionUrl-offices/view
2013-09-08 07:28:00 Debug: permission: actionUrl-offices/view
2013-09-08 07:30:15 Debug: permission: actionUrl-users/dashboard
2013-09-08 07:41:53 Debug: permission: actionUrl-frequencies/add
2013-09-09 09:19:35 Debug: permission: actionUrl-frequencies/add
2013-09-09 09:20:40 Debug: permission: actionUrl-users/dashboard
2013-09-17 15:41:09 Debug: permission: actionUrl-organizations/index
2013-09-17 15:41:15 Debug: permission: actionUrl-organizations/index
2013-09-17 21:30:23 Debug: permission: actionUrl-initiatives/index
2013-09-18 00:11:47 Debug: Could not send verification email to userid-4
2013-09-18 00:16:06 Debug: permission: actionUrl-organizations/index
2013-09-18 00:16:28 Debug: permission: actionUrl-themes/add
2013-09-18 05:44:54 Debug: permission: actionUrl-reports/index
2013-09-18 14:04:04 Debug: permission: actionUrl-measures/index
2013-09-18 18:22:15 Debug: permission: actionUrl-measures/index
2013-09-18 18:24:30 Debug: permission: actionUrl-users/dashboard
2013-09-18 18:29:05 Debug: permission: actionUrl-organizations/index
2013-09-19 15:48:54 Debug: permission: actionUrl-organizations/index
2013-09-19 15:57:51 Debug: permission: actionUrl-organizations/index
2013-09-19 16:20:52 Debug: permission: actionUrl-organizations/index
2013-09-19 16:21:45 Debug: permission: actionUrl-user_groups/addGroup
2013-09-19 16:29:06 Debug: permission: actionUrl-organizations/index
2013-09-19 16:30:04 Debug: permission: actionUrl-users/editUser
2013-09-20 08:31:08 Debug: permission: actionUrl-organizations/index
2013-09-20 08:44:18 Debug: permission: actionUrl-organizations/index
2013-09-20 08:44:52 Debug: permission: actionUrl-offices/cascadeObjective
2013-09-20 08:45:07 Debug: permission: actionUrl-subs/approve
2013-09-20 08:47:22 Debug: permission: actionUrl-objectives/index
2013-09-20 08:49:32 Debug: permission: actionUrl-users/dashboard
2013-09-20 08:49:36 Debug: permission: actionUrl-offices/cascadeObjective
2013-09-20 08:49:55 Debug: permission: actionUrl-offices/cascadeObjective
2013-09-20 08:57:05 Debug: permission: actionUrl-reports/ajaxGetOneToManyOptions
2013-09-20 08:57:23 Debug: permission: actionUrl-reports/ajaxGetOneToManyOptions
2013-09-20 16:12:46 Debug: permission: actionUrl-organizations/index
2013-09-30 15:49:57 Debug: permission: actionUrl-organizations/index
2013-09-30 15:52:43 Debug: permission: actionUrl-users/dashboard
2013-09-30 15:53:15 Debug: permission: actionUrl-perspectives/view
2013-09-30 15:55:03 Debug: permission: actionUrl-organizations/index
2013-09-30 15:55:18 Debug: permission: actionUrl-offices/cascadeObjective
2013-09-30 15:55:18 Debug: permission: actionUrl-offices/cascadeObjective
2013-09-30 15:55:26 Debug: permission: actionUrl-activities/add
2013-09-30 15:55:33 Debug: permission: actionUrl-subs/add
2013-09-30 15:55:40 Debug: permission: actionUrl-offices/cascadeObjective
2013-10-02 17:16:46 Debug: permission: actionUrl-organizations/index
